<?xml version="1.0" encoding="UTF-8"?>
<testng-results skipped="0" failed="0" ignored="0" total="0" passed="0">
  <reporter-output>
  </reporter-output>
  <suite name="Synup Regression Test" duration-ms="5" started-at="2019-07-05T15:20:48Z" finished-at="2019-07-05T15:20:48Z">
    <groups>
    </groups>
    <test name="ScanTool" duration-ms="5" started-at="2019-07-05T15:20:48Z" finished-at="2019-07-05T15:20:48Z">
    </test> <!-- ScanTool -->
  </suite> <!-- Synup Regression Test -->
</testng-results>
